Change Footprint: Footprint Not Found XTAL_ABM7-8.000MHZ-8-R80-D2Y-T
Added Component: Designator=U1(QFN40P700X700X90-57N)
Add component (AddParameter): Name = "Part Reference"; Value = ""; VariantName = "[No Variations]"
Add component (AddParameter): Name = "Value"; Value = "RP2040"; VariantName = "[No Variations]"
Added Pin To Net: NetName=3V3 Pin=U1-1
Added Pin To Net: NetName=NetSA1_1 Pin=U1-3
Added Pin To Net: NetName=NetSA2_1 Pin=U1-6
Added Pin To Net: NetName=NetLCD_1_9 Pin=U1-8
Added Pin To Net: NetName=NetLCD_1_11 Pin=U1-9
Added Pin To Net: NetName=3V3 Pin=U1-10
Added Pin To Net: NetName=NetLCD_1_10 Pin=U1-11
Added Pin To Net: NetName=NetLCD_1_8 Pin=U1-12
Added Pin To Net: NetName=NetR5_2 Pin=U1-15
Added Pin To Net: NetName=GND Pin=U1-19
Added Pin To Net: NetName=NetC4_1 Pin=U1-20
Added Pin To Net: NetName=NetC2_1 Pin=U1-21
Added Pin To Net: NetName=3V3 Pin=U1-22
Added Pin To Net: NetName=DVDD Pin=U1-23
Added Pin To Net: NetName=NetP_3 Pin=U1-24
Added Pin To Net: NetName=NetP_2 Pin=U1-25
Added Pin To Net: NetName=NetQ1_1 Pin=U1-29
Added Pin To Net: NetName=NetQ2_1 Pin=U1-30
Added Pin To Net: NetName=3V3 Pin=U1-33
Added Pin To Net: NetName=3V3 Pin=U1-42
Added Pin To Net: NetName=3V3 Pin=U1-44
Added Pin To Net: NetName=DVDD Pin=U1-45
Added Pin To Net: NetName=3V3 Pin=U1-49
Added Pin To Net: NetName=DVDD Pin=U1-50
Added Pin To Net: NetName=NetU1_51 Pin=U1-51
Added Pin To Net: NetName=NetU1_52 Pin=U1-52
Added Pin To Net: NetName=NetU1_53 Pin=U1-53
Added Pin To Net: NetName=NetU1_54 Pin=U1-54
Added Pin To Net: NetName=NetU1_55 Pin=U1-55
Added Pin To Net: NetName=NetU1_56 Pin=U1-56
Added Pin To Net: NetName=GND Pin=U1-57
Added Member To Class: ClassName=CardNFTHardware_based on RPi2040 Member=Component U1 RP2040
