Removed Pin From Net: NetName=GND Pin=C7-1
Removed Pin From Net: NetName=3V3 Pin=C7-2
Removed Pin From Net: NetName=3V3 Pin=LQFP1-1
Removed Pin From Net: NetName=NetC2_1 Pin=LQFP1-5
Removed Pin From Net: NetName=NetC4_1 Pin=LQFP1-6
Removed Pin From Net: NetName=GND Pin=LQFP1-12
Removed Pin From Net: NetName=3V3 Pin=LQFP1-13
Removed Pin From Net: NetName=GND Pin=LQFP1-28
Removed Pin From Net: NetName=GND Pin=LQFP1-31
Removed Pin From Net: NetName=3V3 Pin=LQFP1-32
Removed Pin From Net: NetName=NetLCD_1_8 Pin=LQFP1-33
Removed Pin From Net: NetName=NetLCD_1_9 Pin=LQFP1-34
Removed Pin From Net: NetName=NetLCD_1_10 Pin=LQFP1-35
Removed Pin From Net: NetName=NetLCD_1_11 Pin=LQFP1-36
Removed Pin From Net: NetName=NetLCD_1_7 Pin=LQFP1-37
Removed Pin From Net: NetName=GND Pin=LQFP1-63
Removed Pin From Net: NetName=3V3 Pin=LQFP1-64
Removed Pin From Net: NetName=3V3 Pin=UART1-1
Removed Pin From Net: NetName=GND Pin=UART1-4
Removed Pin From Net: NetName=3V3 Pin=UART2-1
Removed Pin From Net: NetName=GND Pin=UART2-4
Removed Member From Class: ClassName=карточка Member=LQFP1
Removed Member From Class: ClassName=карточка Member=UART1
Removed Member From Class: ClassName=карточка Member=UART2
Change Footprint: Footprint Not Found XTAL_ABM7-8.000MHZ-8-R80-D2Y-T
Added Component: Designator=C8(C0603)
Add component (AddParameter): Name = "Published"; Value = "18.05.2010"; VariantName = "[No Variations]"
Add component (AddParameter): Name = "Publisher"; Value = "Andrew Danich"; VariantName = "[No Variations]"
Add component (AddParameter): Name = "Type"; Value = "Конденсатор"; VariantName = "[No Variations]"
Added Component: Designator=C9(C0603)
Add component (AddParameter): Name = "Published"; Value = "18.05.2010"; VariantName = "[No Variations]"
Add component (AddParameter): Name = "Publisher"; Value = "Andrew Danich"; VariantName = "[No Variations]"
Add component (AddParameter): Name = "Type"; Value = "Конденсатор"; VariantName = "[No Variations]"
Added Component: Designator=C10(C0603)
Add component (AddParameter): Name = "Published"; Value = "18.05.2010"; VariantName = "[No Variations]"
Add component (AddParameter): Name = "Publisher"; Value = "Andrew Danich"; VariantName = "[No Variations]"
Add component (AddParameter): Name = "Type"; Value = "Конденсатор"; VariantName = "[No Variations]"
Added Component: Designator=C11(C0603)
Add component (AddParameter): Name = "Published"; Value = "18.05.2010"; VariantName = "[No Variations]"
Add component (AddParameter): Name = "Publisher"; Value = "Andrew Danich"; VariantName = "[No Variations]"
Add component (AddParameter): Name = "Type"; Value = "Конденсатор"; VariantName = "[No Variations]"
Added Component: Designator=C12(C0603)
Add component (AddParameter): Name = "Published"; Value = "18.05.2010"; VariantName = "[No Variations]"
Add component (AddParameter): Name = "Publisher"; Value = "Andrew Danich"; VariantName = "[No Variations]"
Add component (AddParameter): Name = "Type"; Value = "Конденсатор"; VariantName = "[No Variations]"
Added Component: Designator=C13(C0603)
Add component (AddParameter): Name = "Published"; Value = "18.05.2010"; VariantName = "[No Variations]"
Add component (AddParameter): Name = "Publisher"; Value = "Andrew Danich"; VariantName = "[No Variations]"
Add component (AddParameter): Name = "Type"; Value = "Конденсатор"; VariantName = "[No Variations]"
Added Component: Designator=C14(C0603)
Add component (AddParameter): Name = "Published"; Value = "18.05.2010"; VariantName = "[No Variations]"
Add component (AddParameter): Name = "Publisher"; Value = "Andrew Danich"; VariantName = "[No Variations]"
Add component (AddParameter): Name = "Type"; Value = "Конденсатор"; VariantName = "[No Variations]"
Added Component: Designator=C15(C0603)
Add component (AddParameter): Name = "Published"; Value = "18.05.2010"; VariantName = "[No Variations]"
Add component (AddParameter): Name = "Publisher"; Value = "Andrew Danich"; VariantName = "[No Variations]"
Add component (AddParameter): Name = "Type"; Value = "Конденсатор"; VariantName = "[No Variations]"
Added Component: Designator=C16(C0603)
Add component (AddParameter): Name = "Published"; Value = "18.05.2010"; VariantName = "[No Variations]"
Add component (AddParameter): Name = "Publisher"; Value = "Andrew Danich"; VariantName = "[No Variations]"
Add component (AddParameter): Name = "Type"; Value = "Конденсатор"; VariantName = "[No Variations]"
Added Component: Designator=HL8(LD0805)
Add component (AddParameter): Name = "Published"; Value = "03.12.2013"; VariantName = "[No Variations]"
Add component (AddParameter): Name = "Publisher"; Value = "Andrew Danich"; VariantName = "[No Variations]"
Add component (AddParameter): Name = "Type"; Value = "Индикатор единичный"; VariantName = "[No Variations]"
Add Component: Footprint Not Found rpi_rp2040
Added Pin To Net: NetName=GND Pin=C3-1
Added Pin To Net: NetName=GND Pin=C7-2
Added Pin To Net: NetName=3V3 Pin=C8-1
Added Pin To Net: NetName=GND Pin=C8-2
Added Pin To Net: NetName=GND Pin=C9-2
Added Pin To Net: NetName=3V3 Pin=C10-1
Added Pin To Net: NetName=GND Pin=C10-2
Added Pin To Net: NetName=GND Pin=C11-1
Added Pin To Net: NetName=3V3 Pin=C11-2
Added Pin To Net: NetName=3V3 Pin=C12-1
Added Pin To Net: NetName=GND Pin=C12-2
Added Pin To Net: NetName=3V3 Pin=C13-1
Added Pin To Net: NetName=GND Pin=C13-2
Added Pin To Net: NetName=3V3 Pin=C14-1
Added Pin To Net: NetName=GND Pin=C14-2
Added Pin To Net: NetName=GND Pin=C15-1
Added Pin To Net: NetName=3V3 Pin=C15-2
Added Pin To Net: NetName=GND Pin=C16-2
Added Pin To Net: NetName=NetHL1_1 Pin=HL8-1
Added Pin To Net: NetName=GND Pin=HL8-2
Added Pin To Net: NetName=GND Pin=LDO1-3
Added Pin To Net: NetName=GND Pin=R1-2
Added Pin To Net: NetName=GND Pin=R3-2
Added Pin To Net: NetName=GND Pin=TYPE_-4
Added Pin To Net: NetName=GND Pin=TYPE_-5
Added Pin To Net: NetName=GND Pin=TYPE_-6
Added Pin To Net: NetName=GND Pin=TYPE_-7
Added Pin To Net: NetName=GND Pin=TYPE_-8
Added Pin To Net: NetName=GND Pin=TYPE_-9
Added Pin To Net: NetName=GND Pin=TYPE_-10
Added Pin To Net: NetName=GND Pin=TYPE_-11
Added Pin To Net: NetName=GND Pin=TYPE_-16
Added Pin To Net: NetName=GND Pin=TYPE_-21
Add Pin To Net: Unknown Pin: Pin U1-1
Add Pin To Net: Unknown Pin: Pin U1-8
Add Pin To Net: Unknown Pin: Pin U1-9
Add Pin To Net: Unknown Pin: Pin U1-10
Add Pin To Net: Unknown Pin: Pin U1-11
Add Pin To Net: Unknown Pin: Pin U1-12
Add Pin To Net: Unknown Pin: Pin U1-19
Add Pin To Net: Unknown Pin: Pin U1-20
Add Pin To Net: Unknown Pin: Pin U1-21
Add Pin To Net: Unknown Pin: Pin U1-22
Add Pin To Net: Unknown Pin: Pin U1-33
Add Pin To Net: Unknown Pin: Pin U1-42
Add Pin To Net: Unknown Pin: Pin U1-44
Add Pin To Net: Unknown Pin: Pin U1-49
Add Pin To Net: Unknown Pin: Pin U1-57
Add Pin To Net: Unknown Pin: Pin U2-4
Add Pin To Net: Unknown Pin: Pin U2-8
Added Pin To Net: NetName=DVDD Pin=C7-1
Added Pin To Net: NetName=DVDD Pin=C9-1
Added Pin To Net: NetName=DVDD Pin=C16-1
Added Net: Name=DVDD
Added Pin To Net: NetName=NetP_2 Pin=P-2
Added Net: Name=NetP_2
Added Pin To Net: NetName=NetP_3 Pin=P-3
Added Net: Name=NetP_3
Added Pin To Net: NetName=NetQ1_1 Pin=Q1-1
Added Net: Name=NetQ1_1
Added Pin To Net: NetName=NetQ2_1 Pin=Q2-1
Added Net: Name=NetQ2_1
Added Pin To Net: NetName=NetR5_2 Pin=R5-2
Added Net: Name=NetR5_2
Added Pin To Net: NetName=NetSA1_1 Pin=SA1-1
Added Pin To Net: NetName=NetSA1_1 Pin=SA1-1
Added Net: Name=NetSA1_1
Added Pin To Net: NetName=NetSA2_1 Pin=SA2-1
Added Pin To Net: NetName=NetSA2_1 Pin=SA2-1
Added Net: Name=NetSA2_1
Added Net: Name=NetU1_51
Added Net: Name=NetU1_52
Added Net: Name=NetU1_53
Added Net: Name=NetU1_54
Added Net: Name=NetU1_55
Added Net: Name=NetU1_56
Change Class Name : Old Net Name=карточка New Net Name=CardNFTHardware_based on RPi2040
Added Member To Class: ClassName=CardNFTHardware_based on RPi2040 Member=Component C8 100nF
Added Member To Class: ClassName=CardNFTHardware_based on RPi2040 Member=Component C9 100nF
Added Member To Class: ClassName=CardNFTHardware_based on RPi2040 Member=Component C10 100nF
Added Member To Class: ClassName=CardNFTHardware_based on RPi2040 Member=Component C11 100nF
Added Member To Class: ClassName=CardNFTHardware_based on RPi2040 Member=Component C12 100nF
Added Member To Class: ClassName=CardNFTHardware_based on RPi2040 Member=Component C13 100nF
Added Member To Class: ClassName=CardNFTHardware_based on RPi2040 Member=Component C14 100nF
Added Member To Class: ClassName=CardNFTHardware_based on RPi2040 Member=Component C15 100nF
Added Member To Class: ClassName=CardNFTHardware_based on RPi2040 Member=Component C16 100nF
Added Member To Class: ClassName=CardNFTHardware_based on RPi2040 Member=Component HL8 Text
Added Member To Class: ClassName=CardNFTHardware_based on RPi2040 Member=Component SA2 Text
Add Class Member: Failed to add class member : Component U1 RP2040
Add Class Member: Failed to add class member : Component U2 WINBOND_W25X_QSPI_FLASH_USON
