Change Component Designator: Old Designator=C1 New Designator=C7
Change Component Designator: Old Designator=C2 New Designator=C14
Change Component Designator: Old Designator=C3 New Designator=C4
Change Component Designator: Old Designator=C4 New Designator=C13
Change Component Designator: Old Designator=C6 New Designator=C10
Change Component Designator: Old Designator=C7 New Designator=C1
Change Component Designator: Old Designator=C8 New Designator=C2
Change Component Designator: Old Designator=C9 New Designator=C3
Change Component Designator: Old Designator=C10 New Designator=C6
Change Component Designator: Old Designator=C11 New Designator=C8
Change Component Designator: Old Designator=C12 New Designator=C9
Change Component Designator: Old Designator=C13 New Designator=C11
Change Component Designator: Old Designator=C14 New Designator=C12
Change Component Designator: Old Designator=HL1 New Designator=HL2
Change Component Designator: Old Designator=HL1 New Designator=HL15
Change Component Designator: Old Designator=HL2 New Designator=HL1
Change Component Designator: Old Designator=HL2 New Designator=HL3
Change Component Designator: Old Designator=HL3 New Designator=HL4
Change Component Designator: Old Designator=HL4 New Designator=HL5
Change Component Designator: Old Designator=HL5 New Designator=HL6
Change Component Designator: Old Designator=HL6 New Designator=HL7
Change Component Designator: Old Designator=HL7 New Designator=HL8
Change Component Designator: Old Designator=HL8 New Designator=HL9
Change Component Designator: Old Designator=HL9 New Designator=HL10
Change Component Designator: Old Designator=HL10 New Designator=HL11
Change Component Designator: Old Designator=HL10 New Designator=HL13
Change Component Designator: Old Designator=HL11 New Designator=HL12
Change Component Designator: Old Designator=HL11 New Designator=HL14
Change Component Designator: Old Designator=P New Designator=P1
Change Component Designator: Old Designator=Q2 New Designator=Q1
Change Component Designator: Old Designator=R1 New Designator=R4
Change Component Designator: Old Designator=R2 New Designator=R1
Change Component Designator: Old Designator=R3 New Designator=R2
Change Component Designator: Old Designator=R4 New Designator=R3
Change Component Designator: Old Designator=TYPE_ New Designator=TYPE_1
