Removed Pin From Net: NetName=GND Pin=C1-2
Removed Pin From Net: NetName=3V3 Pin=C2-1
Removed Pin From Net: NetName=GND Pin=C2-2
Removed Pin From Net: NetName=GND Pin=C3-2
Removed Pin From Net: NetName=3V3 Pin=C6-1
Removed Pin From Net: NetName=GND Pin=C6-2
Removed Pin From Net: NetName=3V3 Pin=C7-1
Removed Pin From Net: NetName=GND Pin=C7-2
Removed Pin From Net: NetName=GND Pin=C8-1
Removed Pin From Net: NetName=3V3 Pin=C8-2
Removed Pin From Net: NetName=3V3 Pin=C9-1
Removed Pin From Net: NetName=GND Pin=C9-2
Removed Pin From Net: NetName=GND Pin=C10-1
Removed Pin From Net: NetName=3V3 Pin=C10-2
Removed Pin From Net: NetName=3V3 Pin=C12-1
Removed Pin From Net: NetName=GND Pin=C12-2
Removed Pin From Net: NetName=GND Pin=C15-1
Removed Pin From Net: NetName=3V3 Pin=C15-2
Removed Pin From Net: NetName=GND Pin=C16-2
Removed Pin From Net: NetName=3V3 Pin=Q1-3
Removed Pin From Net: NetName=3V3 Pin=U1-1
Removed Pin From Net: NetName=NetSA1_1 Pin=U1-3
Removed Pin From Net: NetName=NetSA2_1 Pin=U1-6
Removed Pin From Net: NetName=NetLCD_1_7 Pin=U1-7
Removed Pin From Net: NetName=NetLCD_1_9 Pin=U1-8
Removed Pin From Net: NetName=NetLCD_1_11 Pin=U1-9
Removed Pin From Net: NetName=3V3 Pin=U1-10
Removed Pin From Net: NetName=NetLCD_1_10 Pin=U1-11
Removed Pin From Net: NetName=NetLCD_1_8 Pin=U1-12
Removed Pin From Net: NetName=NetR5_2 Pin=U1-15
Removed Pin From Net: NetName=GND Pin=U1-19
Removed Pin From Net: NetName=NetC13_1 Pin=U1-20
Removed Pin From Net: NetName=NetC14_1 Pin=U1-21
Removed Pin From Net: NetName=3V3 Pin=U1-22
Removed Pin From Net: NetName=NetP1_3 Pin=U1-24
Removed Pin From Net: NetName=NetP1_2 Pin=U1-25
Removed Pin From Net: NetName=3V3 Pin=U1-33
Removed Pin From Net: NetName=3V3 Pin=U1-42
Removed Pin From Net: NetName=3V3 Pin=U1-44
Removed Pin From Net: NetName=3V3 Pin=U1-49
Removed Pin From Net: NetName=GND Pin=U1-57
Removed Pin From Net: NetName=GND Pin=U2-4
Removed Pin From Net: NetName=3V3 Pin=U2-8
Removed Member From Class: ClassName=CardNFTHardware_based on RPi2040 Member=C1
Removed Member From Class: ClassName=CardNFTHardware_based on RPi2040 Member=C2
Removed Member From Class: ClassName=CardNFTHardware_based on RPi2040 Member=C3
Removed Member From Class: ClassName=CardNFTHardware_based on RPi2040 Member=C6
Removed Member From Class: ClassName=CardNFTHardware_based on RPi2040 Member=C7
Removed Member From Class: ClassName=CardNFTHardware_based on RPi2040 Member=C8
Removed Member From Class: ClassName=CardNFTHardware_based on RPi2040 Member=C9
Removed Member From Class: ClassName=CardNFTHardware_based on RPi2040 Member=C10
Removed Member From Class: ClassName=CardNFTHardware_based on RPi2040 Member=C12
Removed Member From Class: ClassName=CardNFTHardware_based on RPi2040 Member=C15
Removed Member From Class: ClassName=CardNFTHardware_based on RPi2040 Member=C16
Removed Member From Class: ClassName=CardNFTHardware_based on RPi2040 Member=Q1
Removed Member From Class: ClassName=CardNFTHardware_based on RPi2040 Member=U1
Removed Member From Class: ClassName=CardNFTHardware_based on RPi2040 Member=U2
Added Component: Designator=C11(C0603)
Add component (AddParameter): Name = "Published"; Value = "18.05.2010"; VariantName = "[No Variations]"
Add component (AddParameter): Name = "Publisher"; Value = "Andrew Danich"; VariantName = "[No Variations]"
Add component (AddParameter): Name = "Type"; Value = "Конденсатор"; VariantName = "[No Variations]"
Added Component: Designator=C11(C0603)
Add component (AddParameter): Name = "Published"; Value = "18.05.2010"; VariantName = "[No Variations]"
Add component (AddParameter): Name = "Publisher"; Value = "Andrew Danich"; VariantName = "[No Variations]"
Add component (AddParameter): Name = "Type"; Value = "Конденсатор"; VariantName = "[No Variations]"
Added Component: Designator=C11(C0603)
Add component (AddParameter): Name = "Published"; Value = "18.05.2010"; VariantName = "[No Variations]"
Add component (AddParameter): Name = "Publisher"; Value = "Andrew Danich"; VariantName = "[No Variations]"
Add component (AddParameter): Name = "Type"; Value = "Конденсатор"; VariantName = "[No Variations]"
Added Component: Designator=C11(C0603)
Add component (AddParameter): Name = "Published"; Value = "18.05.2010"; VariantName = "[No Variations]"
Add component (AddParameter): Name = "Publisher"; Value = "Andrew Danich"; VariantName = "[No Variations]"
Add component (AddParameter): Name = "Type"; Value = "Конденсатор"; VariantName = "[No Variations]"
Added Component: Designator=C11(C0603)
Add component (AddParameter): Name = "Published"; Value = "18.05.2010"; VariantName = "[No Variations]"
Add component (AddParameter): Name = "Publisher"; Value = "Andrew Danich"; VariantName = "[No Variations]"
Add component (AddParameter): Name = "Type"; Value = "Конденсатор"; VariantName = "[No Variations]"
Added Component: Designator=HL6(LD0603)
Add component (AddParameter): Name = "Published"; Value = "03.12.2013"; VariantName = "[No Variations]"
Add component (AddParameter): Name = "Publisher"; Value = "Andrew Danich"; VariantName = "[No Variations]"
Add component (AddParameter): Name = "Type"; Value = "Индикатор единичный"; VariantName = "[No Variations]"
Added Component: Designator=U?(QFP50P1200X1200X160-64N)
Add component (AddParameter): Name = "Check_prices"; Value = "https://www.snapeda.com/parts/STM32F722RET6/STMicroelectronics/view-part/?ref=eda"; VariantName = "[No Variations]"
Add component (AddParameter): Name = "MF"; Value = "STMicroelectronics"; VariantName = "[No Variations]"
Add component (AddParameter): Name = "MP"; Value = "STM32F722RET6"; VariantName = "[No Variations]"
Add component (AddParameter): Name = "Package"; Value = "LQFP-64 STMicroelectronics"; VariantName = "[No Variations]"
Add component (AddParameter): Name = "SnapEDA_Link"; Value = "https://www.snapeda.com/parts/STM32F722RET6/STMicroelectronics/view-part/?ref=snap"; VariantName = "[No Variations]"
Add component (AddParameter): Name = "Value"; Value = ""; VariantName = "[No Variations]"
Added Component: Designator=U(SOIC127P790X216-8N)
Add component (AddParameter): Name = "Availability"; Value = "Unavailable"; VariantName = "[No Variations]"
Add component (AddParameter): Name = "MF"; Value = "Winbond"; VariantName = "[No Variations]"
Add component (AddParameter): Name = "MP"; Value = "W25Q32FVSSIG"; VariantName = "[No Variations]"
Add component (AddParameter): Name = "Package"; Value = "SOIC-8 Winbond"; VariantName = "[No Variations]"
Add component (AddParameter): Name = "Price"; Value = "None"; VariantName = "[No Variations]"
Add component (AddParameter): Name = "SnapEDA_Link"; Value = "https://www.snapeda.com/parts/W25Q32FVSSIG/Winbond%20Electronics/view-part/422928/?ref=snap"; VariantName = "[No Variations]"
Add component (AddParameter): Name = "Value"; Value = ""; VariantName = "[No Variations]"
Added Pin To Net: NetName=GND Pin=C11-1
Added Pin To Net: NetName=GND Pin=C11-1
Added Pin To Net: NetName=GND Pin=C11-1
Added Pin To Net: NetName=GND Pin=C11-1
Added Pin To Net: NetName=3V3 Pin=C11-2
Added Pin To Net: NetName=3V3 Pin=C11-2
Added Pin To Net: NetName=3V3 Pin=C11-2
Added Pin To Net: NetName=GND Pin=C11-2
Added Pin To Net: NetName=NetHL1_1 Pin=HL6-1
Added Pin To Net: NetName=GND Pin=HL6-2
Added Pin To Net: NetName=3V3 Pin=LCD_1-5
Added Pin To Net: NetName=GND Pin=U-4
Added Pin To Net: NetName=3V3 Pin=U-8
Added Pin To Net: NetName=NetC13_1 Pin=U?-5
Added Pin To Net: NetName=NetC14_1 Pin=U?-6
Added Pin To Net: NetName=GND Pin=U?-12
Added Pin To Net: NetName=GND Pin=U?-18
Added Pin To Net: NetName=3V3 Pin=U?-19
Added Pin To Net: NetName=GND Pin=U?-31
Added Pin To Net: NetName=NetLCD_1_8 Pin=U?-33
Added Pin To Net: NetName=NetLCD_1_9 Pin=U?-34
Added Pin To Net: NetName=NetLCD_1_10 Pin=U?-35
Added Pin To Net: NetName=NetLCD_1_11 Pin=U?-36
Added Pin To Net: NetName=NetLCD_1_7 Pin=U?-37
Added Pin To Net: NetName=NetR5_2 Pin=U?-38
Added Pin To Net: NetName=NetP1_2 Pin=U?-46
Added Pin To Net: NetName=GND Pin=U?-47
Added Pin To Net: NetName=3V3 Pin=U?-48
Added Pin To Net: NetName=NetP1_3 Pin=U?-49
Added Pin To Net: NetName=NetSA1_1 Pin=U?-57
Added Pin To Net: NetName=NetSA2_1 Pin=U?-59
Added Pin To Net: NetName=GND Pin=U?-63
Added Pin To Net: NetName=3V3 Pin=U?-64
Added Pin To Net: NetName=NetC11_1 Pin=C11-1
Added Pin To Net: NetName=NetC11_1 Pin=U?-30
Added Net: Name=NetC11_1
Added Pin To Net: NetName=NetC11_2 Pin=C11-2
Added Pin To Net: NetName=NetC11_2 Pin=U?-32
Added Net: Name=NetC11_2
Added Pin To Net: NetName=NetU?_27 Pin=U-6
Added Pin To Net: NetName=NetU?_27 Pin=U?-27
Added Net: Name=NetU?_27
Added Pin To Net: NetName=NetU?_40 Pin=U-5
Added Pin To Net: NetName=NetU?_40 Pin=U?-40
Added Net: Name=NetU?_40
Added Pin To Net: NetName=NetU?_51 Pin=U-2
Added Pin To Net: NetName=NetU?_51 Pin=U?-51
Added Net: Name=NetU?_51
Added Pin To Net: NetName=NetU?_58 Pin=U-1
Added Pin To Net: NetName=NetU?_58 Pin=U?-58
Added Net: Name=NetU?_58
Change Class Name : Old Net Name=CardNFTHardware_based on RPi2040 New Net Name=CardNFTHardware_based on stm32f722
Added Member To Class: ClassName=CardNFTHardware_based on stm32f722 Member=Component C11 4U7
Added Member To Class: ClassName=CardNFTHardware_based on stm32f722 Member=Component C11 4U7
Added Member To Class: ClassName=CardNFTHardware_based on stm32f722 Member=Component C11 100nF
Added Member To Class: ClassName=CardNFTHardware_based on stm32f722 Member=Component C11 4U7
Added Member To Class: ClassName=CardNFTHardware_based on stm32f722 Member=Component C11 4U7
Added Member To Class: ClassName=CardNFTHardware_based on stm32f722 Member=Component HL6 Text
Added Member To Class: ClassName=CardNFTHardware_based on stm32f722 Member=Component HL11 Text
Added Member To Class: ClassName=CardNFTHardware_based on stm32f722 Member=Component HL12 Text
Added Member To Class: ClassName=CardNFTHardware_based on stm32f722 Member=Component HL13 Text
Added Member To Class: ClassName=CardNFTHardware_based on stm32f722 Member=Component HL14 Text
Added Member To Class: ClassName=CardNFTHardware_based on stm32f722 Member=Component U? STM32F722RET6
Added Member To Class: ClassName=CardNFTHardware_based on stm32f722 Member=Component U W25Q32FVSSIG
